<?xml version="1.0" encoding="UTF-8"?>
<!-- Generated by org.testng.reporters.JUnitXMLReporter -->
<testsuite hostname="LAPTOP-M0V13TJR" ignored="0" name="Test" tests="12" failures="0" timestamp="2020-09-21T16:31:31 IST" time="95.805" errors="0">
  <testcase name="b_userInputs" time="17.924" classname="flightsTestCase.flightsInputs"/>
  <testcase name="a_URL" time="65.087" classname="flightsTestCase.roundTrip"/>
  <testcase name="b_travelType" time="0.611" classname="flightsTestCase.roundTrip"/>
  <testcase name="c_Source" time="2.923" classname="flightsTestCase.roundTrip"/>
  <testcase name="d_Destination" time="3.778" classname="flightsTestCase.roundTrip"/>
  <testcase name="e_DepartDate" time="2.955" classname="flightsTestCase.roundTrip"/>
  <testcase name="f_ReturnDate" time="0.484" classname="flightsTestCase.roundTrip"/>
  <testcase name="g_Adults" time="0.58" classname="flightsTestCase.roundTrip"/>
  <testcase name="h_Childrens" time="0.402" classname="flightsTestCase.roundTrip"/>
  <testcase name="i_Infants" time="0.352" classname="flightsTestCase.roundTrip"/>
  <testcase name="j_Options" time="0.175" classname="flightsTestCase.roundTrip"/>
  <testcase name="k_Class" time="0.291" classname="flightsTestCase.roundTrip"/>
</testsuite> <!-- Test -->
